[3860:7824:0528/002220:WARNING:leveldb_value_store.cc(55)] IO error: .../MANIFEST-000051: Invalid argument (ChromeMethodErrno: 7::NewSequentialFile::22)
[3860:4272:0528/002220:ERROR:component_loader.cc(138)] Failed to parse extension manifest.
[3860:7824:0528/002221:WARNING:leveldb_value_store.cc(55)] IO error: .../MANIFEST-000067: Invalid argument (ChromeMethodErrno: 7::NewSequentialFile::22)
[3860:7824:0528/002221:WARNING:value_store_frontend.cc(46)] Reading eemcgdkfndhakfknompkggombfjjjeno.alarms from D:\git_tutorial\github.com\examples\lib\chrome-profile\Default2\Default\Extension State failed: IO error: .../MANIFEST-000067: Invalid argument (ChromeMethodErrno: 7::NewSequentialFile::22)
[3860:7824:0528/002221:WARNING:value_store_frontend.cc(46)] Reading mfehgcgbbipciphmccgaenjidiccnmng.alarms from D:\git_tutorial\github.com\examples\lib\chrome-profile\Default2\Default\Extension State failed: IO error: .../MANIFEST-000067: Invalid argument (ChromeMethodErrno: 7::NewSequentialFile::22)
[3860:7824:0528/002221:WARNING:value_store_frontend.cc(46)] Reading ahfgeienlihckogmohjhadlkjgocpleb.alarms from D:\git_tutorial\github.com\examples\lib\chrome-profile\Default2\Default\Extension State failed: IO error: .../MANIFEST-000067: Invalid argument (ChromeMethodErrno: 7::NewSequentialFile::22)
[3860:7824:0528/002221:WARNING:value_store_frontend.cc(46)] Reading mgndgikekgjfcpckkfioiadnlibdjbkf.alarms from D:\git_tutorial\github.com\examples\lib\chrome-profile\Default2\Default\Extension State failed: IO error: .../MANIFEST-000067: Invalid argument (ChromeMethodErrno: 7::NewSequentialFile::22)
[3860:7824:0528/002221:WARNING:value_store_frontend.cc(46)] Reading nkeimhogjdpnpccoofpliimaahmaaome.alarms from D:\git_tutorial\github.com\examples\lib\chrome-profile\Default2\Default\Extension State failed: IO error: .../MANIFEST-000067: Invalid argument (ChromeMethodErrno: 7::NewSequentialFile::22)
[3860:7824:0528/002221:WARNING:value_store_frontend.cc(46)] Reading nkeimhogjdpnpccoofpliimaahmaaome.context_menus from D:\git_tutorial\github.com\examples\lib\chrome-profile\Default2\Default\Extension State failed: IO error: .../MANIFEST-000067: Invalid argument (ChromeMethodErrno: 7::NewSequentialFile::22)
[3860:7824:0528/002221:WARNING:value_store_frontend.cc(46)] Reading ennkphjdgehloodpbhlhldgbnhmacadg.alarms from D:\git_tutorial\github.com\examples\lib\chrome-profile\Default2\Default\Extension State failed: IO error: .../MANIFEST-000067: Invalid argument (ChromeMethodErrno: 7::NewSequentialFile::22)
[3860:7824:0528/002221:WARNING:value_store_frontend.cc(46)] Reading ennkphjdgehloodpbhlhldgbnhmacadg.context_menus from D:\git_tutorial\github.com\examples\lib\chrome-profile\Default2\Default\Extension State failed: IO error: .../MANIFEST-000067: Invalid argument (ChromeMethodErrno: 7::NewSequentialFile::22)
[3860:7824:0528/002221:WARNING:value_store_frontend.cc(46)] Reading gfdkimpbcpahaombhbimeihdjnejgicl.alarms from D:\git_tutorial\github.com\examples\lib\chrome-profile\Default2\Default\Extension State failed: IO error: .../MANIFEST-000067: Invalid argument (ChromeMethodErrno: 7::NewSequentialFile::22)
[3860:7824:0528/002221:WARNING:value_store_frontend.cc(46)] Reading gfdkimpbcpahaombhbimeihdjnejgicl.context_menus from D:\git_tutorial\github.com\examples\lib\chrome-profile\Default2\Default\Extension State failed: IO error: .../MANIFEST-000067: Invalid argument (ChromeMethodErrno: 7::NewSequentialFile::22)
[3860:7824:0528/002221:WARNING:value_store_frontend.cc(46)] Reading neajdppkdcdipfabeoofebfddakdcjhd.alarms from D:\git_tutorial\github.com\examples\lib\chrome-profile\Default2\Default\Extension State failed: IO error: .../MANIFEST-000067: Invalid argument (ChromeMethodErrno: 7::NewSequentialFile::22)
[3860:7824:0528/002221:WARNING:value_store_frontend.cc(46)] Reading neajdppkdcdipfabeoofebfddakdcjhd.context_menus from D:\git_tutorial\github.com\examples\lib\chrome-profile\Default2\Default\Extension State failed: IO error: .../MANIFEST-000067: Invalid argument (ChromeMethodErrno: 7::NewSequentialFile::22)
[3860:7824:0528/002221:WARNING:value_store_frontend.cc(46)] Reading jnkmfdileelhofjcijamephohjechhna.alarms from D:\git_tutorial\github.com\examples\lib\chrome-profile\Default2\Default\Extension State failed: IO error: .../MANIFEST-000067: Invalid argument (ChromeMethodErrno: 7::NewSequentialFile::22)
[3860:7824:0528/002221:WARNING:value_store_frontend.cc(46)] Reading jnkmfdileelhofjcijamephohjechhna.browser_action from D:\git_tutorial\github.com\examples\lib\chrome-profile\Default2\Default\Extension State failed: IO error: .../MANIFEST-000067: Invalid argument (ChromeMethodErrno: 7::NewSequentialFile::22)
[3860:7824:0528/002221:WARNING:value_store_frontend.cc(46)] Reading aapnijgdinlhnhlmodcfapnahmbfebeb.alarms from D:\git_tutorial\github.com\examples\lib\chrome-profile\Default2\Default\Extension State failed: IO error: .../MANIFEST-000067: Invalid argument (ChromeMethodErrno: 7::NewSequentialFile::22)
[3860:4272:0528/002223:ERROR:navigation_entry_screenshot_manager.cc(167)] Invalid entry with unique id: 4
[3860:4272:0528/002227:INFO:CONSOLE(24)] "_gaq.push processing "_setDomainName" for args: "[bestquotes.com]": ", source: http://www.google-analytics.com/u/ga_debug.js (24)
[3860:4272:0528/002227:INFO:CONSOLE(24)] "_gaq.push processing "_setAllowLinker" for args: "[true]": ", source: http://www.google-analytics.com/u/ga_debug.js (24)
[3860:4272:0528/002227:INFO:CONSOLE(24)] "_gaq.push processing "_setAccount" for args: "[UA-9139348-18]": ", source: http://www.google-analytics.com/u/ga_debug.js (24)
[3860:4272:0528/002227:INFO:CONSOLE(24)] "_gaq.push processing "_trackPageview" for args: "[cds-auto-mfs]": ", source: http://www.google-analytics.com/u/ga_debug.js (24)
[3860:4272:0528/002227:INFO:CONSOLE(24)] "Track Pageview", source: http://www.google-analytics.com/u/ga_debug.js (24)
[3860:4272:0528/002227:INFO:CONSOLE(24)] "_gaq.push processing "_setCampSourceKey" for args: "[1]": ", source: http://www.google-analytics.com/u/ga_debug.js (24)
[3860:4272:0528/002227:INFO:CONSOLE(24)] "_gaq.push processing "_setCampTermKey" for args: "[1]": ", source: http://www.google-analytics.com/u/ga_debug.js (24)
[3860:4272:0528/002227:INFO:CONSOLE(24)] "_gaq.push processing "_setCampMediumKey" for args: "[1]": ", source: http://www.google-analytics.com/u/ga_debug.js (24)
[3860:4272:0528/002229:ERROR:navigation_entry_screenshot_manager.cc(167)] Invalid entry with unique id: 9
[3860:4272:0528/002230:INFO:CONSOLE(24)] "_gaq.push processing "_setDomainName" for args: "[bestquotes.com]": ", source: http://www.google-analytics.com/u/ga_debug.js (24)
[3860:4272:0528/002230:INFO:CONSOLE(24)] "_gaq.push processing "_setAllowLinker" for args: "[true]": ", source: http://www.google-analytics.com/u/ga_debug.js (24)
[3860:4272:0528/002230:INFO:CONSOLE(24)] "_gaq.push processing "_setAccount" for args: "[UA-9139348-18]": ", source: http://www.google-analytics.com/u/ga_debug.js (24)
[3860:4272:0528/002230:INFO:CONSOLE(24)] "_gaq.push processing "_trackPageview" for args: "[cds-auto-mfs]": ", source: http://www.google-analytics.com/u/ga_debug.js (24)
[3860:4272:0528/002230:INFO:CONSOLE(24)] "Track Pageview", source: http://www.google-analytics.com/u/ga_debug.js (24)
[3860:4272:0528/002230:INFO:CONSOLE(24)] "_gaq.push processing "_setCampSourceKey" for args: "[1]": ", source: http://www.google-analytics.com/u/ga_debug.js (24)
[3860:4272:0528/002230:INFO:CONSOLE(24)] "_gaq.push processing "_setCampTermKey" for args: "[1]": ", source: http://www.google-analytics.com/u/ga_debug.js (24)
[3860:4272:0528/002230:INFO:CONSOLE(24)] "_gaq.push processing "_setCampMediumKey" for args: "[1]": ", source: http://www.google-analytics.com/u/ga_debug.js (24)
[3860:4272:0528/002233:INFO:CONSOLE(24)] "_gaq.push processing "_setDomainName" for args: "[bestquotes.com]": ", source: http://www.google-analytics.com/u/ga_debug.js (24)
[3860:4272:0528/002233:INFO:CONSOLE(24)] "_gaq.push processing "_setAllowLinker" for args: "[true]": ", source: http://www.google-analytics.com/u/ga_debug.js (24)
[3860:4272:0528/002233:INFO:CONSOLE(24)] "_gaq.push processing "_setAccount" for args: "[UA-9139348-18]": ", source: http://www.google-analytics.com/u/ga_debug.js (24)
[3860:4272:0528/002233:INFO:CONSOLE(24)] "_gaq.push processing "_trackPageview" for args: "[cds-auto-mfs]": ", source: http://www.google-analytics.com/u/ga_debug.js (24)
[3860:4272:0528/002233:INFO:CONSOLE(24)] "Track Pageview", source: http://www.google-analytics.com/u/ga_debug.js (24)
[3860:4272:0528/002233:INFO:CONSOLE(24)] "_gaq.push processing "_setCampSourceKey" for args: "[1]": ", source: http://www.google-analytics.com/u/ga_debug.js (24)
[3860:4272:0528/002233:INFO:CONSOLE(24)] "_gaq.push processing "_setCampTermKey" for args: "[1]": ", source: http://www.google-analytics.com/u/ga_debug.js (24)
[3860:4272:0528/002233:INFO:CONSOLE(24)] "_gaq.push processing "_setCampMediumKey" for args: "[1]": ", source: http://www.google-analytics.com/u/ga_debug.js (24)
