Log file for HUB 
18:23:13.124 INFO [1] org.openqa.grid.selenium.GridLauncher - Launching a selenium grid server
18:24:31.925 INFO [24] org.openqa.grid.web.servlet.handler.RequestHandler - Got a request to create a new session: Capabilities [{platform=ANY, browserName=firefox, version=}]
18:24:31.926 INFO [10] org.openqa.grid.internal.ProxySet - Available nodes: [host :http://172.31.29.21:5555]
18:24:31.926 INFO [10] org.openqa.grid.internal.BaseRemoteProxy - Trying to create a new session on node host :http://172.31.29.21:5555
18:24:31.926 INFO [10] org.openqa.grid.internal.TestSlot - Trying to create a new session on test slot {seleniumProtocol=WebDriver, platform=VISTA, browserName=firefox, maxInstances=2}
18:24:53.491 INFO [24] org.openqa.grid.web.servlet.handler.RequestHandler - Got a request to create a new session: Capabilities [{platform=ANY, browserName=firefox, version=}]
18:24:53.491 INFO [10] org.openqa.grid.internal.ProxySet - Available nodes: [host :http://172.31.29.21:5555]
18:24:53.491 INFO [10] org.openqa.grid.internal.BaseRemoteProxy - Trying to create a new session on node host :http://172.31.29.21:5555
18:24:53.491 INFO [10] org.openqa.grid.internal.TestSlot - Trying to create a new session on test slot {seleniumProtocol=WebDriver, platform=VISTA, browserName=firefox, maxInstances=2}
10:37:43.136 INFO [23] org.apache.http.impl.client.DefaultHttpClient - I/O exception (java.net.SocketException) caught when connecting to the target host: Network is unreachable: connect
10:37:43.136 INFO [23] org.apache.http.impl.client.DefaultHttpClient - Retrying connect
10:37:43.137 INFO [23] org.apache.http.impl.client.DefaultHttpClient - I/O exception (java.net.SocketException) caught when connecting to the target host: Network is unreachable: connect
10:37:43.137 INFO [23] org.apache.http.impl.client.DefaultHttpClient - Retrying connect
10:37:43.137 INFO [23] org.apache.http.impl.client.DefaultHttpClient - I/O exception (java.net.SocketException) caught when connecting to the target host: Network is unreachable: connect
10:37:43.137 INFO [23] org.apache.http.impl.client.DefaultHttpClient - Retrying connect
10:37:43.138 WARN [23] org.openqa.grid.selenium.proxy.DefaultRemoteProxy - Failed to check status of node: Network is unreachable: connect
10:37:48.140 INFO [23] org.apache.http.impl.client.DefaultHttpClient - I/O exception (java.net.SocketException) caught when connecting to the target host: Network is unreachable: connect
10:37:48.140 INFO [23] org.apache.http.impl.client.DefaultHttpClient - Retrying connect
10:37:48.141 INFO [23] org.apache.http.impl.client.DefaultHttpClient - I/O exception (java.net.SocketException) caught when connecting to the target host: Network is unreachable: connect
10:37:48.141 INFO [23] org.apache.http.impl.client.DefaultHttpClient - Retrying connect
10:37:48.141 INFO [23] org.apache.http.impl.client.DefaultHttpClient - I/O exception (java.net.SocketException) caught when connecting to the target host: Network is unreachable: connect
10:37:48.141 INFO [23] org.apache.http.impl.client.DefaultHttpClient - Retrying connect
10:37:48.141 WARN [23] org.openqa.grid.selenium.proxy.DefaultRemoteProxy - Failed to check status of node: Network is unreachable: connect
10:37:48.142 WARN [23] org.openqa.grid.selenium.proxy.DefaultRemoteProxy - Marking the node as down. Cannot reach the node for 2 tries.
10:37:53.143 INFO [23] org.apache.http.impl.client.DefaultHttpClient - I/O exception (java.net.SocketException) caught when connecting to the target host: Network is unreachable: connect
10:37:53.144 INFO [23] org.apache.http.impl.client.DefaultHttpClient - Retrying connect
10:37:53.144 INFO [23] org.apache.http.impl.client.DefaultHttpClient - I/O exception (java.net.SocketException) caught when connecting to the target host: Network is unreachable: connect
10:37:53.144 INFO [23] org.apache.http.impl.client.DefaultHttpClient - Retrying connect
10:37:53.144 INFO [23] org.apache.http.impl.client.DefaultHttpClient - I/O exception (java.net.SocketException) caught when connecting to the target host: Network is unreachable: connect
10:37:53.144 INFO [23] org.apache.http.impl.client.DefaultHttpClient - Retrying connect
10:37:53.145 WARN [23] org.openqa.grid.selenium.proxy.DefaultRemoteProxy - Failed to check status of node: Network is unreachable: connect
10:37:58.145 INFO [23] org.apache.http.impl.client.DefaultHttpClient - I/O exception (java.net.SocketException) caught when connecting to the target host: Network is unreachable: connect
10:37:58.146 INFO [23] org.apache.http.impl.client.DefaultHttpClient - Retrying connect
10:37:58.146 INFO [23] org.apache.http.impl.client.DefaultHttpClient - I/O exception (java.net.SocketException) caught when connecting to the target host: Network is unreachable: connect
10:37:58.146 INFO [23] org.apache.http.impl.client.DefaultHttpClient - Retrying connect
10:37:58.146 INFO [23] org.apache.http.impl.client.DefaultHttpClient - I/O exception (java.net.SocketException) caught when connecting to the target host: Network is unreachable: connect
10:37:58.147 INFO [23] org.apache.http.impl.client.DefaultHttpClient - Retrying connect
10:37:58.147 WARN [23] org.openqa.grid.selenium.proxy.DefaultRemoteProxy - Failed to check status of node: Network is unreachable: connect
10:38:03.147 INFO [23] org.apache.http.impl.client.DefaultHttpClient - I/O exception (java.net.SocketException) caught when connecting to the target host: Network is unreachable: connect
10:38:03.147 INFO [23] org.apache.http.impl.client.DefaultHttpClient - Retrying connect
10:38:03.148 INFO [23] org.apache.http.impl.client.DefaultHttpClient - I/O exception (java.net.SocketException) caught when connecting to the target host: Network is unreachable: connect
10:38:03.148 INFO [23] org.apache.http.impl.client.DefaultHttpClient - Retrying connect
10:38:03.149 INFO [23] org.apache.http.impl.client.DefaultHttpClient - I/O exception (java.net.SocketException) caught when connecting to the target host: Network is unreachable: connect
10:38:03.149 INFO [23] org.apache.http.impl.client.DefaultHttpClient - Retrying connect
10:38:03.149 WARN [23] org.openqa.grid.selenium.proxy.DefaultRemoteProxy - Failed to check status of node: Network is unreachable: connect
10:38:08.151 INFO [23] org.apache.http.impl.client.DefaultHttpClient - I/O exception (java.net.SocketException) caught when connecting to the target host: Network is unreachable: connect
10:38:08.152 INFO [23] org.apache.http.impl.client.DefaultHttpClient - Retrying connect
10:38:08.152 INFO [23] org.apache.http.impl.client.DefaultHttpClient - I/O exception (java.net.SocketException) caught when connecting to the target host: Network is unreachable: connect
10:38:08.152 INFO [23] org.apache.http.impl.client.DefaultHttpClient - Retrying connect
10:38:08.152 INFO [23] org.apache.http.impl.client.DefaultHttpClient - I/O exception (java.net.SocketException) caught when connecting to the target host: Network is unreachable: connect
10:38:08.152 INFO [23] org.apache.http.impl.client.DefaultHttpClient - Retrying connect
10:38:08.152 WARN [23] org.openqa.grid.selenium.proxy.DefaultRemoteProxy - Failed to check status of node: Network is unreachable: connect
10:36:06.954 INFO [23] org.apache.http.impl.client.DefaultHttpClient - I/O exception (java.net.NoRouteToHostException) caught when connecting to the target host: No route to host: connect
10:36:25.937 INFO [23] org.apache.http.impl.client.DefaultHttpClient - Retrying connect
10:36:50.269 WARN [23] org.openqa.grid.selenium.proxy.DefaultRemoteProxy - Failed to check status of node: Connection timed out: connect
10:37:16.456 WARN [23] org.openqa.grid.selenium.proxy.DefaultRemoteProxy - Failed to check status of node: Connection timed out: connect
10:37:16.456 WARN [23] org.openqa.grid.selenium.proxy.DefaultRemoteProxy - Marking the node as down. Cannot reach the node for 2 tries.
10:37:42.444 WARN [23] org.openqa.grid.selenium.proxy.DefaultRemoteProxy - Failed to check status of node: Connection timed out: connect
10:38:08.495 WARN [23] org.openqa.grid.selenium.proxy.DefaultRemoteProxy - Failed to check status of node: Connection timed out: connect
10:38:34.665 WARN [23] org.openqa.grid.selenium.proxy.DefaultRemoteProxy - Failed to check status of node: Connection timed out: connect
10:38:34.666 WARN [23] org.openqa.grid.selenium.proxy.DefaultRemoteProxy - Unregistering the node. It's been down for 78209 milliseconds.
10:38:35.155 WARN [23] org.openqa.grid.internal.Registry - Proxy 'host :http://172.31.29.21:5555' was previously registered.  Cleaning up any stale test sessions.
